<?xml version="1.0" encoding="UTF-8"?>
<!-- Generated by org.testng.reporters.JUnitXMLReporter -->
<testsuite ignored="0" hostname="munna-Inspiron-14-3467" failures="0" tests="2" name="Ui-testing" time="0.073" errors="0" timestamp="2020-10-21T01:52:59 IST">
  <testcase classname="qa.automation.page.tests.tcases.Ecommerce_tc_4" name="@BeforeTest killAllNodes" time="0.015">
    <failure type="java.io.IOException" message="Cannot run program &amp;quot;taskkill&amp;quot;: error=2, No such file or directory">
      <![CDATA[java.io.IOException: Cannot run program "taskkill": error=2, No such file or directory
at java.base/java.lang.ProcessBuilder.start(ProcessBuilder.java:1128)
at java.base/java.lang.ProcessBuilder.start(ProcessBuilder.java:1071)
at java.base/java.lang.Runtime.exec(Runtime.java:590)
at java.base/java.lang.Runtime.exec(Runtime.java:414)
at java.base/java.lang.Runtime.exec(Runtime.java:311)
at qa.automation.page.tests.tcases.Ecommerce_tc_4.killAllNodes(Ecommerce_tc_4.java:60)
Caused by: java.io.IOException: error=2, No such file or directory
at java.base/java.lang.ProcessImpl.forkAndExec(Native Method)
at java.base/java.lang.ProcessImpl.<init>(ProcessImpl.java:319)
at java.base/java.lang.ProcessImpl.start(ProcessImpl.java:250)
at java.base/java.lang.ProcessBuilder.start(ProcessBuilder.java:1107)
... 29 more
... Removed 24 stack frames]]>
    </failure>
  </testcase> <!-- @BeforeTest killAllNodes -->
  <testcase classname="qa.automation.page.tests.tcases.Ecommerce_tc_4" name="totalValidation" time="0.0">
    <skipped/>
  </testcase> <!-- totalValidation -->
  <testcase classname="qa.automation.page.tests.tcases.airIn" name="m1" time="0.0">
    <skipped/>
  </testcase> <!-- m1 -->
</testsuite> <!-- Ui-testing -->
